[0.014s] Invoking command in '/home/aruz/Final_Motion/controller/build/controller_package': CMAKE_PREFIX_PATH=${CMAKE_PREFIX_PATH}:/opt/ros/jazzy DEBUGINFOD_URLS=https://debuginfod.ubuntu.com /usr/bin/cmake --build /home/aruz/Final_Motion/controller/build/controller_package -- -j24 -l24
[0.130s] [ 50%] [32mBuilding CXX object CMakeFiles/controller.dir/src/controller.cpp.o[0m
[3.634s] [01m[K/home/aruz/Final_Motion/controller/src/controller_package/src/controller.cpp:[m[K In member function â€˜[01m[Kvoid MyRobotNode::[01;32m[Kcallback_1[m[K(std_msgs::msg::Float32MultiArray_<std::allocator<void> >::SharedPtr)[m[Kâ€™:
[3.634s] [01m[K/home/aruz/Final_Motion/controller/src/controller_package/src/controller.cpp:65:9:[m[K [01;31m[Kerror: [m[Kâ€˜[01m[Kcout[m[Kâ€™ was not declared in this scope; did you mean â€˜[01m[Kstd::cout[m[Kâ€™?
[3.634s]    65 |         [01;31m[Kcout[m[K<<"BOT stopped"<<endl;
[3.634s]       |         [01;31m[K^~~~[m[K
[3.635s]       |         [32m[Kstd::cout[m[K
[3.635s] In file included from [01m[K/usr/local/include/acado/utils/acado_message_handling.hpp:39[m[K,
[3.635s]                  from [01m[K/usr/local/include/acado/utils/acado_utils.hpp:44[m[K,
[3.635s]                  from [01m[K/usr/local/include/acado/acado_integrators.hpp:35[m[K,
[3.635s]                  from [01m[K/usr/local/include/acado/acado_optimal_control.hpp:35[m[K,
[3.635s]                  from [01m[K/usr/local/include/acado/acado_toolkit.hpp:35[m[K,
[3.635s]                  from [01m[K/home/aruz/Final_Motion/controller/src/controller_package/src/controller.cpp:1[m[K:
[3.635s] [01m[K/usr/include/c++/13/iostream:63:18:[m[K [01;36m[Knote: [m[Kâ€˜[01m[Kstd::cout[m[Kâ€™ declared here
[3.635s]    63 |   extern ostream [01;36m[Kcout[m[K;          ///< Linked to standard output
[3.635s]       |                  [01;36m[K^~~~[m[K
[3.636s] [01m[K/home/aruz/Final_Motion/controller/src/controller_package/src/controller.cpp:65:30:[m[K [01;31m[Kerror: [m[Kâ€˜[01m[Kendl[m[Kâ€™ was not declared in this scope; did you mean â€˜[01m[Kstd::endl[m[Kâ€™?
[3.636s]    65 |         cout<<"BOT stopped"<<[01;31m[Kendl[m[K;
[3.636s]       |                              [01;31m[K^~~~[m[K
[3.636s]       |                              [32m[Kstd::endl[m[K
[3.636s] In file included from [01m[K/usr/include/c++/13/iostream:41[m[K:
[3.636s] [01m[K/usr/include/c++/13/ostream:735:5:[m[K [01;36m[Knote: [m[Kâ€˜[01m[Kstd::endl[m[Kâ€™ declared here
[3.636s]   735 |     [01;36m[Kendl[m[K(basic_ostream<_CharT, _Traits>& __os)
[3.636s]       |     [01;36m[K^~~~[m[K
[6.376s] gmake[2]: *** [CMakeFiles/controller.dir/build.make:76: CMakeFiles/controller.dir/src/controller.cpp.o] Error 1
[6.377s] gmake[1]: *** [CMakeFiles/Makefile2:137: CMakeFiles/controller.dir/all] Error 2
[6.377s] gmake: *** [Makefile:146: all] Error 2
[6.379s] Invoked command in '/home/aruz/Final_Motion/controller/build/controller_package' returned '2': CMAKE_PREFIX_PATH=${CMAKE_PREFIX_PATH}:/opt/ros/jazzy DEBUGINFOD_URLS=https://debuginfod.ubuntu.com /usr/bin/cmake --build /home/aruz/Final_Motion/controller/build/controller_package -- -j24 -l24
