[ 50%] [32mBuilding CXX object CMakeFiles/controller.dir/src/tester.cpp.o[0m
[01m[K/home/debraj/Documents/controller/src/controller_package/src/tester.cpp:[m[K In function â€˜[01m[Kint[01;32m[K main[m[K()[m[Kâ€™:
[01m[K/home/debraj/Documents/controller/src/controller_package/src/tester.cpp:34:24:[m[K [01;31m[Kerror: [m[Kâ€˜[01m[Ktarget_x[m[Kâ€™ was not declared in this scope
   34 |     while (current_x < [01;31m[Ktarget_x[m[K - tolerance) {
      |                        [01;31m[K^~~~~~~~[m[K
[01m[K/home/debraj/Documents/controller/src/controller_package/src/tester.cpp:14:18:[m[K [01;35m[Kwarning: [m[Kunused variable â€˜[01m[KR[m[Kâ€™ [[01;35m[K]8;;https://gcc.gnu.org/onlinedocs/gcc/Warning-Options.html#index-Wunused-variable-Wunused-variable]8;;[m[K]
   14 |     const double [01;35m[KR[m[K = 0.05;
      |                  [01;35m[K^[m[K
[01m[K/home/debraj/Documents/controller/src/controller_package/src/tester.cpp:15:18:[m[K [01;35m[Kwarning: [m[Kunused variable â€˜[01m[Kd[m[Kâ€™ [[01;35m[K]8;;https://gcc.gnu.org/onlinedocs/gcc/Warning-Options.html#index-Wunused-variable-Wunused-variable]8;;[m[K]
   15 |     const double [01;35m[Kd[m[K = 0.1;
      |                  [01;35m[K^[m[K
gmake[2]: *** [CMakeFiles/controller.dir/build.make:76: CMakeFiles/controller.dir/src/tester.cpp.o] Error 1
gmake[1]: *** [CMakeFiles/Makefile2:137: CMakeFiles/controller.dir/all] Error 2
gmake: *** [Makefile:146: all] Error 2
